2022/09/11 21:23:07.208 [main] INFO   util.log.Log4J2 main.StepCountMain:writeStepCountResult() ステップカウント結果出力開始。 ファイルパス：/Applications/Eclipse_2021-06.app/Contents/workspace/stepCount_ver2/src/logic/stepCount/JavaStepCount.java
2022/09/11 21:23:07.216 [main] INFO   util.log.Log4J2 main.StepCountMain:writeStepCountResult() ステップカウント結果出力開始。 ファイルパス：/Applications/Eclipse_2021-06.app/Contents/workspace/stepCount_ver2/src/util/log/Log4J2.java
2022/09/11 21:23:07.216 [main] INFO   util.log.Log4J2 main.StepCountMain:writeStepCountResult() ステップカウント結果出力開始。 ファイルパス：/Applications/Eclipse_2021-06.app/Contents/workspace/stepCount_ver2/src/main/arg/ScriptArguments.java
2022/09/11 21:23:07.217 [main] INFO   util.log.Log4J2 main.StepCountMain:writeStepCountResult() ステップカウント結果出力開始。 ファイルパス：/Applications/Eclipse_2021-06.app/Contents/workspace/stepCount_ver2/src/data/StepCountData.java
2022/09/11 21:23:07.217 [main] INFO   util.log.Log4J2 main.StepCountMain:writeStepCountResult() ステップカウント結果出力開始。 ファイルパス：/Applications/Eclipse_2021-06.app/Contents/workspace/stepCount_ver2/src/data/Comparator/StepCountDataComparator.java
2022/09/11 21:23:07.217 [main] INFO   util.log.Log4J2 main.StepCountMain:writeStepCountResult() ステップカウント結果出力開始。 ファイルパス：/Applications/Eclipse_2021-06.app/Contents/workspace/stepCount_ver2/src/data/Comparator/StepCountDataComparatorReverse.java
2022/09/11 21:23:07.217 [main] INFO   util.log.Log4J2 main.StepCountMain:writeStepCountResult() ステップカウント結果出力開始。 ファイルパス：/Applications/Eclipse_2021-06.app/Contents/workspace/stepCount_ver2/src/logic/stepCount/StepCountFactory.java
2022/09/11 21:23:07.217 [main] INFO   util.log.Log4J2 main.StepCountMain:writeStepCountResult() ステップカウント結果出力開始。 ファイルパス：/Applications/Eclipse_2021-06.app/Contents/workspace/stepCount_ver2/src/main/StepCountMain.java
2022/09/11 21:23:07.218 [main] INFO   util.log.Log4J2 main.StepCountMain:writeStepCountResult() ステップカウント結果出力開始。 ファイルパス：/Applications/Eclipse_2021-06.app/Contents/workspace/stepCount_ver2/src/util/Util.java
2022/09/11 21:23:07.218 [main] INFO   util.log.Log4J2 main.StepCountMain:writeStepCountResult() ステップカウント結果出力開始。 ファイルパス：/Applications/Eclipse_2021-06.app/Contents/workspace/stepCount_ver2/src/util/validator/ValidatorUtil.java
2022/09/11 21:23:07.218 [main] INFO   util.log.Log4J2 main.StepCountMain:execStepCount() ステップカウント処理正常終了
2022/09/11 21:23:25.098 [main] INFO   util.log.Log4J2 main.StepCountMain:execStepCount() ステップカウント処理開始
2022/09/11 21:23:25.110 [main] INFO   util.log.Log4J2 main.StepCountMain:execStepCountInDirectory() ステップカウント処理開始。 ファイル名：Util.java
2022/09/11 21:23:25.116 [main] INFO   util.log.Log4J2 main.StepCountMain:execStepCountInDirectory() ステップカウント処理開始。 ファイル名：ValidatorUtil.java
2022/09/11 21:23:25.120 [main] INFO   util.log.Log4J2 main.StepCountMain:execStepCountInDirectory() ステップカウント処理開始。 ファイル名：Log4J2.java
2022/09/11 21:23:25.126 [main] WARN   util.log.Log4J2 main.StepCountMain:execStepCountInDirectory() ファイルの拡張子が未対応。ステップカウント処理をスキップ。 ファイル名：.DS_Store
2022/09/11 21:23:25.130 [main] INFO   util.log.Log4J2 main.StepCountMain:execStepCountInDirectory() ステップカウント処理開始。 ファイル名：AbsStepCount.java
2022/09/11 21:23:25.135 [main] INFO   util.log.Log4J2 main.StepCountMain:execStepCountInDirectory() ステップカウント処理開始。 ファイル名：CsStepCount.java
2022/09/11 21:23:25.140 [main] INFO   util.log.Log4J2 main.StepCountMain:execStepCountInDirectory() ステップカウント処理開始。 ファイル名：IfStepCount.java
2022/09/11 21:23:25.141 [main] INFO   util.log.Log4J2 main.StepCountMain:execStepCountInDirectory() ステップカウント処理開始。 ファイル名：StepCountFactory.java
2022/09/11 21:23:25.144 [main] INFO   util.log.Log4J2 main.StepCountMain:execStepCountInDirectory() ステップカウント処理開始。 ファイル名：JavaStepCount.java
2022/09/11 21:23:25.147 [main] INFO   util.log.Log4J2 main.StepCountMain:execStepCountInDirectory() ステップカウント処理開始。 ファイル名：CsCommentPatternMatch.java
2022/09/11 21:23:25.149 [main] INFO   util.log.Log4J2 main.StepCountMain:execStepCountInDirectory() ステップカウント処理開始。 ファイル名：CommentPatternMatchFactory.java
2022/09/11 21:23:25.151 [main] INFO   util.log.Log4J2 main.StepCountMain:execStepCountInDirectory() ステップカウント処理開始。 ファイル名：AbsCommentPatternMatch.java
2022/09/11 21:23:25.168 [main] INFO   util.log.Log4J2 main.StepCountMain:execStepCountInDirectory() ステップカウント処理開始。 ファイル名：JavaCommentPatternMatch.java
2022/09/11 21:23:25.170 [main] INFO   util.log.Log4J2 main.StepCountMain:execStepCountInDirectory() ステップカウント処理開始。 ファイル名：IfCommentPatternMatch.java
2022/09/11 21:23:25.171 [main] INFO   util.log.Log4J2 main.StepCountMain:execStepCountInDirectory() ステップカウント処理開始。 ファイル名：EnumReverseLookup.java
2022/09/11 21:23:25.174 [main] INFO   util.log.Log4J2 main.StepCountMain:execStepCountInDirectory() ステップカウント処理開始。 ファイル名：Constant.java
2022/09/11 21:23:25.177 [main] INFO   util.log.Log4J2 main.StepCountMain:execStepCountInDirectory() ステップカウント処理開始。 ファイル名：ScriptArguments.java
2022/09/11 21:23:25.178 [main] INFO   util.log.Log4J2 main.StepCountMain:execStepCountInDirectory() ステップカウント処理開始。 ファイル名：Arguments.java
2022/09/11 21:23:25.180 [main] INFO   util.log.Log4J2 main.StepCountMain:execStepCountInDirectory() ステップカウント処理開始。 ファイル名：StepCountMain.java
2022/09/11 21:23:25.184 [main] INFO   util.log.Log4J2 main.StepCountMain:execStepCountInDirectory() ステップカウント処理開始。 ファイル名：StepCountDataComparator.java
2022/09/11 21:23:25.185 [main] INFO   util.log.Log4J2 main.StepCountMain:execStepCountInDirectory() ステップカウント処理開始。 ファイル名：StepCountDataComparatorReverse.java
2022/09/11 21:23:25.186 [main] INFO   util.log.Log4J2 main.StepCountMain:execStepCountInDirectory() ステップカウント処理開始。 ファイル名：StepCountData.java
2022/09/11 21:23:25.188 [main] INFO   util.log.Log4J2 main.StepCountMain:execStepCountInDirectory() ステップカウント処理開始。 ファイル名：AllFilesStepCountData.java
2022/09/11 21:23:25.193 [main] INFO   util.log.Log4J2 main.StepCountMain:writeStepCountResult() ステップカウント結果出力開始。 ファイルパス：/Applications/Eclipse_2021-06.app/Contents/workspace/stepCount_ver2/src/util/Util.java
2022/09/11 21:23:25.194 [main] INFO   util.log.Log4J2 main.StepCountMain:writeStepCountResult() ステップカウント結果出力開始。 ファイルパス：/Applications/Eclipse_2021-06.app/Contents/workspace/stepCount_ver2/src/util/validator/ValidatorUtil.java
2022/09/11 21:23:25.194 [main] INFO   util.log.Log4J2 main.StepCountMain:writeStepCountResult() ステップカウント結果出力開始。 ファイルパス：/Applications/Eclipse_2021-06.app/Contents/workspace/stepCount_ver2/src/util/log/Log4J2.java
2022/09/11 21:23:25.194 [main] INFO   util.log.Log4J2 main.StepCountMain:writeStepCountResult() ステップカウント結果出力開始。 ファイルパス：/Applications/Eclipse_2021-06.app/Contents/workspace/stepCount_ver2/src/logic/stepCount/AbsStepCount.java
2022/09/11 21:23:25.194 [main] INFO   util.log.Log4J2 main.StepCountMain:writeStepCountResult() ステップカウント結果出力開始。 ファイルパス：/Applications/Eclipse_2021-06.app/Contents/workspace/stepCount_ver2/src/logic/stepCount/CsStepCount.java
2022/09/11 21:23:25.195 [main] INFO   util.log.Log4J2 main.StepCountMain:writeStepCountResult() ステップカウント結果出力開始。 ファイルパス：/Applications/Eclipse_2021-06.app/Contents/workspace/stepCount_ver2/src/logic/stepCount/IfStepCount.java
2022/09/11 21:23:25.195 [main] INFO   util.log.Log4J2 main.StepCountMain:writeStepCountResult() ステップカウント結果出力開始。 ファイルパス：/Applications/Eclipse_2021-06.app/Contents/workspace/stepCount_ver2/src/logic/stepCount/StepCountFactory.java
2022/09/11 21:23:25.195 [main] INFO   util.log.Log4J2 main.StepCountMain:writeStepCountResult() ステップカウント結果出力開始。 ファイルパス：/Applications/Eclipse_2021-06.app/Contents/workspace/stepCount_ver2/src/logic/stepCount/JavaStepCount.java
2022/09/11 21:23:25.196 [main] INFO   util.log.Log4J2 main.StepCountMain:writeStepCountResult() ステップカウント結果出力開始。 ファイルパス：/Applications/Eclipse_2021-06.app/Contents/workspace/stepCount_ver2/src/logic/commentPatternMatch/CsCommentPatternMatch.java
2022/09/11 21:23:25.196 [main] INFO   util.log.Log4J2 main.StepCountMain:writeStepCountResult() ステップカウント結果出力開始。 ファイルパス：/Applications/Eclipse_2021-06.app/Contents/workspace/stepCount_ver2/src/logic/commentPatternMatch/CommentPatternMatchFactory.java
2022/09/11 21:23:25.196 [main] INFO   util.log.Log4J2 main.StepCountMain:writeStepCountResult() ステップカウント結果出力開始。 ファイルパス：/Applications/Eclipse_2021-06.app/Contents/workspace/stepCount_ver2/src/logic/commentPatternMatch/AbsCommentPatternMatch.java
2022/09/11 21:23:25.197 [main] INFO   util.log.Log4J2 main.StepCountMain:writeStepCountResult() ステップカウント結果出力開始。 ファイルパス：/Applications/Eclipse_2021-06.app/Contents/workspace/stepCount_ver2/src/logic/commentPatternMatch/JavaCommentPatternMatch.java
2022/09/11 21:23:25.197 [main] INFO   util.log.Log4J2 main.StepCountMain:writeStepCountResult() ステップカウント結果出力開始。 ファイルパス：/Applications/Eclipse_2021-06.app/Contents/workspace/stepCount_ver2/src/logic/commentPatternMatch/IfCommentPatternMatch.java
2022/09/11 21:23:25.197 [main] INFO   util.log.Log4J2 main.StepCountMain:writeStepCountResult() ステップカウント結果出力開始。 ファイルパス：/Applications/Eclipse_2021-06.app/Contents/workspace/stepCount_ver2/src/constant/EnumReverseLookup.java
2022/09/11 21:23:25.197 [main] INFO   util.log.Log4J2 main.StepCountMain:writeStepCountResult() ステップカウント結果出力開始。 ファイルパス：/Applications/Eclipse_2021-06.app/Contents/workspace/stepCount_ver2/src/constant/Constant.java
2022/09/11 21:23:25.198 [main] INFO   util.log.Log4J2 main.StepCountMain:writeStepCountResult() ステップカウント結果出力開始。 ファイルパス：/Applications/Eclipse_2021-06.app/Contents/workspace/stepCount_ver2/src/main/arg/ScriptArguments.java
2022/09/11 21:23:25.198 [main] INFO   util.log.Log4J2 main.StepCountMain:writeStepCountResult() ステップカウント結果出力開始。 ファイルパス：/Applications/Eclipse_2021-06.app/Contents/workspace/stepCount_ver2/src/main/arg/Arguments.java
2022/09/11 21:23:25.198 [main] INFO   util.log.Log4J2 main.StepCountMain:writeStepCountResult() ステップカウント結果出力開始。 ファイルパス：/Applications/Eclipse_2021-06.app/Contents/workspace/stepCount_ver2/src/main/StepCountMain.java
2022/09/11 21:23:25.199 [main] INFO   util.log.Log4J2 main.StepCountMain:writeStepCountResult() ステップカウント結果出力開始。 ファイルパス：/Applications/Eclipse_2021-06.app/Contents/workspace/stepCount_ver2/src/data/Comparator/StepCountDataComparator.java
2022/09/11 21:23:25.199 [main] INFO   util.log.Log4J2 main.StepCountMain:writeStepCountResult() ステップカウント結果出力開始。 ファイルパス：/Applications/Eclipse_2021-06.app/Contents/workspace/stepCount_ver2/src/data/Comparator/StepCountDataComparatorReverse.java
2022/09/11 21:23:25.199 [main] INFO   util.log.Log4J2 main.StepCountMain:writeStepCountResult() ステップカウント結果出力開始。 ファイルパス：/Applications/Eclipse_2021-06.app/Contents/workspace/stepCount_ver2/src/data/StepCountData.java
2022/09/11 21:23:25.199 [main] INFO   util.log.Log4J2 main.StepCountMain:writeStepCountResult() ステップカウント結果出力開始。 ファイルパス：/Applications/Eclipse_2021-06.app/Contents/workspace/stepCount_ver2/src/data/AllFilesStepCountData.java
2022/09/11 21:23:25.200 [main] INFO   util.log.Log4J2 main.StepCountMain:execStepCount() ステップカウント処理正常終了
